
*** Running vivado
    with args -log fsm2.vds -m64 -product Vivado -mode batch -messageDb vivado.pb -notrace -source fsm2.tcl


****** Vivado v2022.2 (64-bit)
  **** SW Build 3671981 on Fri Oct 14 04:59:54 MDT 2022
  **** IP Build 3669848 on Fri Oct 14 08:30:02 MDT 2022
    ** Copyright 1986-2022 Xilinx, Inc. All Rights Reserved.

source fsm2.tcl -notrace
Command: read_checkpoint -auto_incremental -incremental /home/ahmetenesturan/Projects/SSTU/Deney6/Deney6.srcs/utils_1/imports/synth_1/fsm1.dcp
INFO: [Vivado 12-5825] Read reference checkpoint from /home/ahmetenesturan/Projects/SSTU/Deney6/Deney6.srcs/utils_1/imports/synth_1/fsm1.dcp for incremental synthesis
INFO: [Vivado 12-7989] Please ensure there are no constraint changes
Command: synth_design -top fsm2 -part xc7a50ticsg324-1L
Starting synth_design
Attempting to get a license for feature 'Synthesis' and/or device 'xc7a50ti'
INFO: [Common 17-349] Got license for feature 'Synthesis' and/or device 'xc7a50ti'
INFO: [Device 21-403] Loading part xc7a50ticsg324-1L
INFO: [Designutils 20-5440] No compile time benefit to using incremental synthesis; A full resynthesis will be run
INFO: [Designutils 20-4379] Flow is switching to default flow due to incremental criteria not met. If you would like to alter this behaviour and have the flow terminate instead, please set the following parameter config_implementation {autoIncr.Synth.RejectBehavior Terminate}
INFO: [Synth 8-7079] Multithreading enabled for synth_design using a maximum of 4 processes.
INFO: [Synth 8-7078] Launching helper process for spawning children vivado processes
INFO: [Synth 8-7075] Helper process launched with PID 31176
INFO: [Synth 8-11241] undeclared symbol 'REGCCE', assumed default net type 'wire' [/home/ahmetenesturan/Xilinx/Vivado/2022.2/data/verilog/src/unimacro/BRAM_SINGLE_MACRO.v:2170]
---------------------------------------------------------------------------------
Starting RTL Elaboration : Time (s): cpu = 00:00:03 ; elapsed = 00:00:04 . Memory (MB): peak = 1947.254 ; gain = 373.738 ; free physical = 5973 ; free virtual = 13838
Synthesis current peak Physical Memory [PSS] (MB): peak = 1356.308; parent = 1150.830; children = 205.478
Synthesis current peak Virtual Memory [VSS] (MB): peak = 2979.066; parent = 1947.258; children = 1031.809
---------------------------------------------------------------------------------
INFO: [Synth 8-6157] synthesizing module 'fsm2' [/home/ahmetenesturan/Projects/SSTU/Deney6/Deney6.srcs/sources_1/new/fsm2.v:2]
INFO: [Synth 8-6155] done synthesizing module 'fsm2' (0#1) [/home/ahmetenesturan/Projects/SSTU/Deney6/Deney6.srcs/sources_1/new/fsm2.v:2]
---------------------------------------------------------------------------------
Finished RTL Elaboration : Time (s): cpu = 00:00:05 ; elapsed = 00:00:05 . Memory (MB): peak = 2013.223 ; gain = 439.707 ; free physical = 6066 ; free virtual = 13932
Synthesis current peak Physical Memory [PSS] (MB): peak = 1356.308; parent = 1150.830; children = 205.478
Synthesis current peak Virtual Memory [VSS] (MB): peak = 3045.035; parent = 2013.227; children = 1031.809
---------------------------------------------------------------------------------
---------------------------------------------------------------------------------
Start Handling Custom Attributes
---------------------------------------------------------------------------------
---------------------------------------------------------------------------------
Finished Handling Custom Attributes : Time (s): cpu = 00:00:05 ; elapsed = 00:00:05 . Memory (MB): peak = 2031.035 ; gain = 457.520 ; free physical = 6066 ; free virtual = 13932
Synthesis current peak Physical Memory [PSS] (MB): peak = 1356.308; parent = 1150.830; children = 205.478
Synthesis current peak Virtual Memory [VSS] (MB): peak = 3062.848; parent = 2031.039; children = 1031.809
---------------------------------------------------------------------------------
---------------------------------------------------------------------------------
Finished RTL Optimization Phase 1 : Time (s): cpu = 00:00:05 ; elapsed = 00:00:05 . Memory (MB): peak = 2031.035 ; gain = 457.520 ; free physical = 6066 ; free virtual = 13932
Synthesis current peak Physical Memory [PSS] (MB): peak = 1356.308; parent = 1150.830; children = 205.478
Synthesis current peak Virtual Memory [VSS] (MB): peak = 3062.848; parent = 2031.039; children = 1031.809
---------------------------------------------------------------------------------
Netlist sorting complete. Time (s): cpu = 00:00:00 ; elapsed = 00:00:00 . Memory (MB): peak = 2031.035 ; gain = 0.000 ; free physical = 6062 ; free virtual = 13928
INFO: [Project 1-570] Preparing netlist for logic optimization

Processing XDC Constraints
Initializing timing engine
Parsing XDC File [/home/ahmetenesturan/Projects/SSTU/Nexys-A7-50T-Master.xdc]
WARNING: [Vivado 12-584] No ports matched 'CLK100MHZ'. [/home/ahmetenesturan/Projects/SSTU/Nexys-A7-50T-Master.xdc:7]
CRITICAL WARNING: [Common 17-55] 'set_property' expects at least one object. [/home/ahmetenesturan/Projects/SSTU/Nexys-A7-50T-Master.xdc:7]
Resolution: If [get_<value>] was used to populate the object, check to make sure this command returns at least one valid object.
WARNING: [Vivado 12-584] No ports matched 'CLK100MHZ'. [/home/ahmetenesturan/Projects/SSTU/Nexys-A7-50T-Master.xdc:8]
CRITICAL WARNING: [Vivado 12-4739] create_clock:No valid object(s) found for '-objects [get_ports CLK100MHZ]'. [/home/ahmetenesturan/Projects/SSTU/Nexys-A7-50T-Master.xdc:8]
Resolution: Check if the specified object(s) exists in the current design. If it does, ensure that the correct design hierarchy was specified for the object. If you are working with clocks, make sure create_clock was used to create the clock object before it is referenced.
WARNING: [Vivado 12-507] No nets matched 'clk_IBUF'. [/home/ahmetenesturan/Projects/SSTU/Nexys-A7-50T-Master.xdc:9]
CRITICAL WARNING: [Common 17-55] 'set_property' expects at least one object. [/home/ahmetenesturan/Projects/SSTU/Nexys-A7-50T-Master.xdc:9]
Resolution: If [get_<value>] was used to populate the object, check to make sure this command returns at least one valid object.
Finished Parsing XDC File [/home/ahmetenesturan/Projects/SSTU/Nexys-A7-50T-Master.xdc]
Completed Processing XDC Constraints

Netlist sorting complete. Time (s): cpu = 00:00:00 ; elapsed = 00:00:00 . Memory (MB): peak = 2143.785 ; gain = 0.000 ; free physical = 6002 ; free virtual = 13867
INFO: [Project 1-111] Unisim Transformation Summary:
No Unisim elements were transformed.

Constraint Validation Runtime : Time (s): cpu = 00:00:00 ; elapsed = 00:00:00 . Memory (MB): peak = 2143.785 ; gain = 0.000 ; free physical = 6002 ; free virtual = 13867
INFO: [Designutils 20-5440] No compile time benefit to using incremental synthesis; A full resynthesis will be run
INFO: [Designutils 20-4379] Flow is switching to default flow due to incremental criteria not met. If you would like to alter this behaviour and have the flow terminate instead, please set the following parameter config_implementation {autoIncr.Synth.RejectBehavior Terminate}
INFO: [Synth 8-11241] undeclared symbol 'REGCCE', assumed default net type 'wire' [/home/ahmetenesturan/Xilinx/Vivado/2022.2/data/verilog/src/unimacro/BRAM_SINGLE_MACRO.v:2170]
---------------------------------------------------------------------------------
Finished Constraint Validation : Time (s): cpu = 00:00:10 ; elapsed = 00:00:11 . Memory (MB): peak = 2143.785 ; gain = 570.270 ; free physical = 6037 ; free virtual = 13903
Synthesis current peak Physical Memory [PSS] (MB): peak = 1356.308; parent = 1150.830; children = 205.478
Synthesis current peak Virtual Memory [VSS] (MB): peak = 3143.582; parent = 2111.773; children = 1031.809
---------------------------------------------------------------------------------
---------------------------------------------------------------------------------
Start Loading Part and Timing Information
---------------------------------------------------------------------------------
Loading part: xc7a50ticsg324-1L
---------------------------------------------------------------------------------
Finished Loading Part and Timing Information : Time (s): cpu = 00:00:10 ; elapsed = 00:00:11 . Memory (MB): peak = 2143.785 ; gain = 570.270 ; free physical = 6037 ; free virtual = 13903
Synthesis current peak Physical Memory [PSS] (MB): peak = 1356.308; parent = 1150.830; children = 205.478
Synthesis current peak Virtual Memory [VSS] (MB): peak = 3143.582; parent = 2111.773; children = 1031.809
---------------------------------------------------------------------------------
---------------------------------------------------------------------------------
Start Applying 'set_property' XDC Constraints
---------------------------------------------------------------------------------
---------------------------------------------------------------------------------
Finished applying 'set_property' XDC Constraints : Time (s): cpu = 00:00:10 ; elapsed = 00:00:11 . Memory (MB): peak = 2143.785 ; gain = 570.270 ; free physical = 6037 ; free virtual = 13903
Synthesis current peak Physical Memory [PSS] (MB): peak = 1356.308; parent = 1150.830; children = 205.478
Synthesis current peak Virtual Memory [VSS] (MB): peak = 3143.582; parent = 2111.773; children = 1031.809
---------------------------------------------------------------------------------
---------------------------------------------------------------------------------
Finished RTL Optimization Phase 2 : Time (s): cpu = 00:00:10 ; elapsed = 00:00:11 . Memory (MB): peak = 2143.785 ; gain = 570.270 ; free physical = 6034 ; free virtual = 13901
Synthesis current peak Physical Memory [PSS] (MB): peak = 1356.308; parent = 1150.830; children = 205.478
Synthesis current peak Virtual Memory [VSS] (MB): peak = 3143.582; parent = 2111.773; children = 1031.809
---------------------------------------------------------------------------------
---------------------------------------------------------------------------------
Start RTL Component Statistics 
---------------------------------------------------------------------------------
Detailed RTL Component Info : 
+---XORs : 
	   2 Input      1 Bit         XORs := 1     
+---Registers : 
	                1 Bit    Registers := 5     
---------------------------------------------------------------------------------
Finished RTL Component Statistics 
---------------------------------------------------------------------------------
---------------------------------------------------------------------------------
Start Part Resource Summary
---------------------------------------------------------------------------------
Part Resources:
DSPs: 120 (col length:60)
BRAMs: 150 (col length: RAMB18 60 RAMB36 30)
---------------------------------------------------------------------------------
Finished Part Resource Summary
---------------------------------------------------------------------------------
---------------------------------------------------------------------------------
Start Cross Boundary and Area Optimization
---------------------------------------------------------------------------------
WARNING: [Synth 8-7080] Parallel synthesis criteria is not met
---------------------------------------------------------------------------------
Finished Cross Boundary and Area Optimization : Time (s): cpu = 00:00:11 ; elapsed = 00:00:12 . Memory (MB): peak = 2143.785 ; gain = 570.270 ; free physical = 6016 ; free virtual = 13891
Synthesis current peak Physical Memory [PSS] (MB): peak = 1356.308; parent = 1150.830; children = 205.478
Synthesis current peak Virtual Memory [VSS] (MB): peak = 3143.582; parent = 2111.773; children = 1031.809
---------------------------------------------------------------------------------
---------------------------------------------------------------------------------
Start Applying XDC Timing Constraints
---------------------------------------------------------------------------------
---------------------------------------------------------------------------------
Finished Applying XDC Timing Constraints : Time (s): cpu = 00:00:15 ; elapsed = 00:00:16 . Memory (MB): peak = 2143.785 ; gain = 570.270 ; free physical = 5922 ; free virtual = 13789
Synthesis current peak Physical Memory [PSS] (MB): peak = 1430.913; parent = 1225.478; children = 205.478
Synthesis current peak Virtual Memory [VSS] (MB): peak = 3143.582; parent = 2111.773; children = 1031.809
---------------------------------------------------------------------------------
---------------------------------------------------------------------------------
Start Timing Optimization
---------------------------------------------------------------------------------
---------------------------------------------------------------------------------
Finished Timing Optimization : Time (s): cpu = 00:00:15 ; elapsed = 00:00:16 . Memory (MB): peak = 2143.785 ; gain = 570.270 ; free physical = 5922 ; free virtual = 13789
Synthesis current peak Physical Memory [PSS] (MB): peak = 1431.050; parent = 1225.614; children = 205.478
Synthesis current peak Virtual Memory [VSS] (MB): peak = 3143.582; parent = 2111.773; children = 1031.809
---------------------------------------------------------------------------------
---------------------------------------------------------------------------------
Start Technology Mapping
---------------------------------------------------------------------------------
---------------------------------------------------------------------------------
Finished Technology Mapping : Time (s): cpu = 00:00:15 ; elapsed = 00:00:16 . Memory (MB): peak = 2143.785 ; gain = 570.270 ; free physical = 5916 ; free virtual = 13783
Synthesis current peak Physical Memory [PSS] (MB): peak = 1431.479; parent = 1226.044; children = 205.478
Synthesis current peak Virtual Memory [VSS] (MB): peak = 3143.582; parent = 2111.773; children = 1031.809
---------------------------------------------------------------------------------
---------------------------------------------------------------------------------
Start IO Insertion
---------------------------------------------------------------------------------
---------------------------------------------------------------------------------
Start Flattening Before IO Insertion
---------------------------------------------------------------------------------
---------------------------------------------------------------------------------
Finished Flattening Before IO Insertion
---------------------------------------------------------------------------------
---------------------------------------------------------------------------------
Start Final Netlist Cleanup
---------------------------------------------------------------------------------
---------------------------------------------------------------------------------
Finished Final Netlist Cleanup
---------------------------------------------------------------------------------
---------------------------------------------------------------------------------
Finished IO Insertion : Time (s): cpu = 00:00:19 ; elapsed = 00:00:20 . Memory (MB): peak = 2143.785 ; gain = 570.270 ; free physical = 5920 ; free virtual = 13787
Synthesis current peak Physical Memory [PSS] (MB): peak = 1431.644; parent = 1226.208; children = 205.478
Synthesis current peak Virtual Memory [VSS] (MB): peak = 3143.582; parent = 2111.773; children = 1031.809
---------------------------------------------------------------------------------
---------------------------------------------------------------------------------
Start Renaming Generated Instances
---------------------------------------------------------------------------------
---------------------------------------------------------------------------------
Finished Renaming Generated Instances : Time (s): cpu = 00:00:19 ; elapsed = 00:00:20 . Memory (MB): peak = 2143.785 ; gain = 570.270 ; free physical = 5920 ; free virtual = 13787
Synthesis current peak Physical Memory [PSS] (MB): peak = 1431.659; parent = 1226.224; children = 205.478
Synthesis current peak Virtual Memory [VSS] (MB): peak = 3143.582; parent = 2111.773; children = 1031.809
---------------------------------------------------------------------------------
---------------------------------------------------------------------------------
Start Rebuilding User Hierarchy
---------------------------------------------------------------------------------
---------------------------------------------------------------------------------
Finished Rebuilding User Hierarchy : Time (s): cpu = 00:00:19 ; elapsed = 00:00:20 . Memory (MB): peak = 2143.785 ; gain = 570.270 ; free physical = 5920 ; free virtual = 13787
Synthesis current peak Physical Memory [PSS] (MB): peak = 1431.675; parent = 1226.239; children = 205.478
Synthesis current peak Virtual Memory [VSS] (MB): peak = 3143.582; parent = 2111.773; children = 1031.809
---------------------------------------------------------------------------------
---------------------------------------------------------------------------------
Start Renaming Generated Ports
---------------------------------------------------------------------------------
---------------------------------------------------------------------------------
Finished Renaming Generated Ports : Time (s): cpu = 00:00:19 ; elapsed = 00:00:20 . Memory (MB): peak = 2143.785 ; gain = 570.270 ; free physical = 5920 ; free virtual = 13787
Synthesis current peak Physical Memory [PSS] (MB): peak = 1431.737; parent = 1226.302; children = 205.478
Synthesis current peak Virtual Memory [VSS] (MB): peak = 3143.582; parent = 2111.773; children = 1031.809
---------------------------------------------------------------------------------
---------------------------------------------------------------------------------
Start Handling Custom Attributes
---------------------------------------------------------------------------------
---------------------------------------------------------------------------------
Finished Handling Custom Attributes : Time (s): cpu = 00:00:19 ; elapsed = 00:00:20 . Memory (MB): peak = 2143.785 ; gain = 570.270 ; free physical = 5920 ; free virtual = 13787
Synthesis current peak Physical Memory [PSS] (MB): peak = 1431.737; parent = 1226.302; children = 205.478
Synthesis current peak Virtual Memory [VSS] (MB): peak = 3143.582; parent = 2111.773; children = 1031.809
---------------------------------------------------------------------------------
---------------------------------------------------------------------------------
Start Renaming Generated Nets
---------------------------------------------------------------------------------
---------------------------------------------------------------------------------
Finished Renaming Generated Nets : Time (s): cpu = 00:00:19 ; elapsed = 00:00:20 . Memory (MB): peak = 2143.785 ; gain = 570.270 ; free physical = 5920 ; free virtual = 13787
Synthesis current peak Physical Memory [PSS] (MB): peak = 1431.753; parent = 1226.317; children = 205.478
Synthesis current peak Virtual Memory [VSS] (MB): peak = 3143.582; parent = 2111.773; children = 1031.809
---------------------------------------------------------------------------------
---------------------------------------------------------------------------------
Start Writing Synthesis Report
---------------------------------------------------------------------------------

Report BlackBoxes: 
+-+--------------+----------+
| |BlackBox name |Instances |
+-+--------------+----------+
+-+--------------+----------+

Report Cell Usage: 
+------+-----+------+
|      |Cell |Count |
+------+-----+------+
|1     |BUFG |     1|
|2     |LUT1 |     1|
|3     |LUT2 |     3|
|4     |FDRE |     5|
|5     |IBUF |     2|
|6     |OBUF |     1|
+------+-----+------+
---------------------------------------------------------------------------------
Finished Writing Synthesis Report : Time (s): cpu = 00:00:19 ; elapsed = 00:00:20 . Memory (MB): peak = 2143.785 ; gain = 570.270 ; free physical = 5920 ; free virtual = 13787
Synthesis current peak Physical Memory [PSS] (MB): peak = 1431.808; parent = 1226.372; children = 205.478
Synthesis current peak Virtual Memory [VSS] (MB): peak = 3143.582; parent = 2111.773; children = 1031.809
---------------------------------------------------------------------------------
Synthesis finished with 0 errors, 0 critical warnings and 1 warnings.
Synthesis Optimization Runtime : Time (s): cpu = 00:00:18 ; elapsed = 00:00:19 . Memory (MB): peak = 2143.785 ; gain = 457.520 ; free physical = 5966 ; free virtual = 13833
Synthesis Optimization Complete : Time (s): cpu = 00:00:19 ; elapsed = 00:00:20 . Memory (MB): peak = 2143.785 ; gain = 570.270 ; free physical = 5966 ; free virtual = 13833
INFO: [Project 1-571] Translating synthesized netlist
Netlist sorting complete. Time (s): cpu = 00:00:00 ; elapsed = 00:00:00 . Memory (MB): peak = 2143.785 ; gain = 0.000 ; free physical = 5960 ; free virtual = 13827
INFO: [Project 1-570] Preparing netlist for logic optimization
INFO: [Opt 31-138] Pushed 0 inverter(s) to 0 load pin(s).
Netlist sorting complete. Time (s): cpu = 00:00:00 ; elapsed = 00:00:00 . Memory (MB): peak = 2143.785 ; gain = 0.000 ; free physical = 6027 ; free virtual = 13894
INFO: [Project 1-111] Unisim Transformation Summary:
No Unisim elements were transformed.

Synth Design complete, checksum: 2bcd8e4c
INFO: [Common 17-83] Releasing license: Synthesis
22 Infos, 4 Warnings, 3 Critical Warnings and 0 Errors encountered.
synth_design completed successfully
synth_design: Time (s): cpu = 00:00:25 ; elapsed = 00:00:24 . Memory (MB): peak = 2143.785 ; gain = 807.652 ; free physical = 6224 ; free virtual = 14091
INFO: [runtcl-6] Synthesis results are not added to the cache due to CRITICAL_WARNING
INFO: [Common 17-1381] The checkpoint '/home/ahmetenesturan/Projects/SSTU/Deney6/Deney6.runs/synth_1/fsm2.dcp' has been generated.
INFO: [runtcl-4] Executing : report_utilization -file fsm2_utilization_synth.rpt -pb fsm2_utilization_synth.pb
INFO: [Common 17-206] Exiting Vivado at Thu Dec  1 10:45:04 2022...
